Sleeping for 1 seconds...
Sleeping for 1 seconds...
== Limpieza de paquetes ==
Done
Done
W: https://packages.microsoft.com/repos/azure-cli/dists/bookworm/InRelease: Key is stored in legacy trusted.gpg keyring (/etc/apt/trusted.gpg), see the DEPRECATION section in apt-key(8) for details.
== Limpieza de journals (7 días) ==
Vacuuming done, freed 0B of archived journals from /run/log/journal.
Vacuuming done, freed 0B of archived journals from /var/log/journal/3196ea7c43794978a2ce77f276584d11.
Vacuuming done, freed 0B of archived journals from /var/log/journal.
== Limpieza de /tmp ==
Cantidad de jobs: 3 
[START] Clean System Debian pid=24914
[START] Proccess 2 pid=24915
[START] Proccess 3 pid=24916
[END] Proccess 2 pid=24915 exit=0
[END] Proccess 3 pid=24916 exit=0
[END] Clean System Debian pid=24914 exit=1

=== JOB RUN SUMMARY ===
Total jobs: 3
Succeeded:  2
Failed:     1
Timeouts:   0
Killed:     0
Total time: 3s
=======================
Free jobs memory. 
Sleeping for 1 seconds...
Sleeping for 1 seconds...
== Limpieza de paquetes ==
Done
Done
W: https://packages.microsoft.com/repos/azure-cli/dists/bookworm/InRelease: Key is stored in legacy trusted.gpg keyring (/etc/apt/trusted.gpg), see the DEPRECATION section in apt-key(8) for details.
== Limpieza de journals (7 días) ==
Vacuuming done, freed 0B of archived journals from /var/log/journal.
Vacuuming done, freed 0B of archived journals from /var/log/journal/3196ea7c43794978a2ce77f276584d11.
Vacuuming done, freed 0B of archived journals from /run/log/journal.
== Limpieza de /tmp ==
Cantidad de jobs: 3 
[START] Clean System Debian pid=25776
[START] Proccess 2 pid=25777
[START] Proccess 3 pid=25778
[END] Proccess 2 pid=25777 exit=0
[END] Proccess 3 pid=25778 exit=0
[END] Clean System Debian pid=25776 exit=1

=== JOB RUN SUMMARY ===
Total jobs: 3
Succeeded:  2
Failed:     1
Timeouts:   0
Killed:     0
Total time: 2s
=======================
Free jobs memory. 
